[     133ms] [LOG] [Fast Refresh] rebuilding @ http://localhost:3000/_next/static/chunks/node_modules_next_dist_1ybzpk2._.js:2487
[     170ms] [LOG] [Fast Refresh] done in 143ms @ http://localhost:3000/_next/static/chunks/node_modules_next_dist_1ybzpk2._.js:2487
[     212ms] [LOG] %c Console Ninja extension is connected to Next.js browser, background: rgb(30,30,30); color: rgb(255,213,92) see https://tinyurl.com/2vt8jxzw for more info. @ :0
[     216ms] [INFO] %cDownload the React DevTools for a better development experience: https://react.dev/link/react-devtools font-weight:bold @ http://localhost:3000/_next/static/chunks/node_modules_next_dist_1ybzpk2._.js:2487
[     231ms] [LOG] [HMR] connected @ http://localhost:3000/_next/static/chunks/node_modules_next_dist_1ybzpk2._.js:2487
[     415ms] [LOG] [Fast Refresh] rebuilding @ http://localhost:3000/_next/static/chunks/node_modules_next_dist_1ybzpk2._.js:2487
[     431ms] [LOG] [Fast Refresh] done in 126ms @ http://localhost:3000/_next/static/chunks/node_modules_next_dist_1ybzpk2._.js:2487
[     462ms] [WARNING] Clerk: Clerk has been loaded with development keys. Development instances have strict usage limits and should not be used when deploying your application to production. Learn more: https://clerk.com/docs/deployments/overview @ http://localhost:3000/_next/static/chunks/node_modules_next_dist_1ybzpk2._.js:2487
[     957ms] [VERBOSE] [DOM] Input elements should have autocomplete attributes (suggested: "current-password"): (More info: https://goo.gl/9p2vKq) %o @ http://localhost:3000/login:0
[    4886ms] [LOG] [Fast Refresh] rebuilding @ http://localhost:3000/_next/static/chunks/node_modules_next_dist_1ybzpk2._.js:2487
[    4909ms] [LOG] [Fast Refresh] done in 125ms @ http://localhost:3000/_next/static/chunks/node_modules_next_dist_1ybzpk2._.js:2487
[   80306ms] [LOG] [Fast Refresh] rebuilding @ http://localhost:3000/_next/static/chunks/node_modules_next_dist_1ybzpk2._.js:2487
[   80647ms] [ERROR] ./app/globals.css:12603:32
Parsing CSS source code failed
  12601 | }
  12602 | [data-clerk-auth] .cl-footer,
> 12603 | [data-clerk-auth] .cl-footer.\\!bg-white {
        |                                ^
  12604 |   background: #ffffff !important;
  12605 | }
  12606 | [data-clerk-auth] .cl-formFieldInput:focus {

Unexpected token Delim('!')

Generated code of PostCSS transform of file content of app/globals.css:
./app/globals.css:12603:32
  12601 | }
  12602 | [data-clerk-auth] .cl-footer,
> 12603 | [data-clerk-auth] .cl-footer.\\!bg-white {
        |                                ^
  12604 |   background: #ffffff !important;
  12605 | }
  12606 | [data-clerk-auth] .cl-formFieldInput:focus {

Import trace:
  Client Component Browser:
    ./app/globals.css [Client Component Browser]
    ./app/layout.tsx [Server Component] @ :0
[   80717ms] [ERROR] ./app/globals.css:12603:32
Parsing CSS source code failed
  12601 | }
  12602 | [data-clerk-auth] .cl-footer,
> 12603 | [data-clerk-auth] .cl-footer.\\!bg-white {
        |                                ^
  12604 |   background: #ffffff !important;
  12605 | }
  12606 | [data-clerk-auth] .cl-formFieldInput:focus {

Unexpected token Delim('!')

Generated code of PostCSS transform of file content of app/globals.css:
./app/globals.css:12603:32
  12601 | }
  12602 | [data-clerk-auth] .cl-footer,
> 12603 | [data-clerk-auth] .cl-footer.\\!bg-white {
        |                                ^
  12604 |   background: #ffffff !important;
  12605 | }
  12606 | [data-clerk-auth] .cl-formFieldInput:focus {

Import trace:
  Client Component Browser:
    ./app/globals.css [Client Component Browser]
    ./app/layout.tsx [Server Component] @ :0
[   80797ms] [ERROR] ./app/globals.css:12603:32
Parsing CSS source code failed
  12601 | }
  12602 | [data-clerk-auth] .cl-footer,
> 12603 | [data-clerk-auth] .cl-footer.\\!bg-white {
        |                                ^
  12604 |   background: #ffffff !important;
  12605 | }
  12606 | [data-clerk-auth] .cl-formFieldInput:focus {

Unexpected token Delim('!')

Generated code of PostCSS transform of file content of app/globals.css:
./app/globals.css:12603:32
  12601 | }
  12602 | [data-clerk-auth] .cl-footer,
> 12603 | [data-clerk-auth] .cl-footer.\\!bg-white {
        |                                ^
  12604 |   background: #ffffff !important;
  12605 | }
  12606 | [data-clerk-auth] .cl-formFieldInput:focus {

Import trace:
  Client Component Browser:
    ./app/globals.css [Client Component Browser]
    ./app/layout.tsx [Server Component] @ :0
[   80874ms] [ERROR] ./app/globals.css:12603:32
Parsing CSS source code failed
  12601 | }
  12602 | [data-clerk-auth] .cl-footer,
> 12603 | [data-clerk-auth] .cl-footer.\\!bg-white {
        |                                ^
  12604 |   background: #ffffff !important;
  12605 | }
  12606 | [data-clerk-auth] .cl-formFieldInput:focus {

Unexpected token Delim('!')

Generated code of PostCSS transform of file content of app/globals.css:
./app/globals.css:12603:32
  12601 | }
  12602 | [data-clerk-auth] .cl-footer,
> 12603 | [data-clerk-auth] .cl-footer.\\!bg-white {
        |                                ^
  12604 |   background: #ffffff !important;
  12605 | }
  12606 | [data-clerk-auth] .cl-formFieldInput:focus {

Import trace:
  Client Component Browser:
    ./app/globals.css [Client Component Browser]
    ./app/layout.tsx [Server Component] @ :0
[   80952ms] [ERROR] ./app/globals.css:12603:32
Parsing CSS source code failed
  12601 | }
  12602 | [data-clerk-auth] .cl-footer,
> 12603 | [data-clerk-auth] .cl-footer.\\!bg-white {
        |                                ^
  12604 |   background: #ffffff !important;
  12605 | }
  12606 | [data-clerk-auth] .cl-formFieldInput:focus {

Unexpected token Delim('!')

Generated code of PostCSS transform of file content of app/globals.css:
./app/globals.css:12603:32
  12601 | }
  12602 | [data-clerk-auth] .cl-footer,
> 12603 | [data-clerk-auth] .cl-footer.\\!bg-white {
        |                                ^
  12604 |   background: #ffffff !important;
  12605 | }
  12606 | [data-clerk-auth] .cl-formFieldInput:focus {

Import trace:
  Client Component Browser:
    ./app/globals.css [Client Component Browser]
    ./app/layout.tsx [Server Component] @ :0
[   81030ms] [ERROR] ./app/globals.css:12603:32
Parsing CSS source code failed
  12601 | }
  12602 | [data-clerk-auth] .cl-footer,
> 12603 | [data-clerk-auth] .cl-footer.\\!bg-white {
        |                                ^
  12604 |   background: #ffffff !important;
  12605 | }
  12606 | [data-clerk-auth] .cl-formFieldInput:focus {

Unexpected token Delim('!')

Generated code of PostCSS transform of file content of app/globals.css:
./app/globals.css:12603:32
  12601 | }
  12602 | [data-clerk-auth] .cl-footer,
> 12603 | [data-clerk-auth] .cl-footer.\\!bg-white {
        |                                ^
  12604 |   background: #ffffff !important;
  12605 | }
  12606 | [data-clerk-auth] .cl-formFieldInput:focus {

Import trace:
  Client Component Browser:
    ./app/globals.css [Client Component Browser]
    ./app/layout.tsx [Server Component] @ :0
[   81107ms] [ERROR] ./app/globals.css:12603:32
Parsing CSS source code failed
  12601 | }
  12602 | [data-clerk-auth] .cl-footer,
> 12603 | [data-clerk-auth] .cl-footer.\\!bg-white {
        |                                ^
  12604 |   background: #ffffff !important;
  12605 | }
  12606 | [data-clerk-auth] .cl-formFieldInput:focus {

Unexpected token Delim('!')

Generated code of PostCSS transform of file content of app/globals.css:
./app/globals.css:12603:32
  12601 | }
  12602 | [data-clerk-auth] .cl-footer,
> 12603 | [data-clerk-auth] .cl-footer.\\!bg-white {
        |                                ^
  12604 |   background: #ffffff !important;
  12605 | }
  12606 | [data-clerk-auth] .cl-formFieldInput:focus {

Import trace:
  Client Component Browser:
    ./app/globals.css [Client Component Browser]
    ./app/layout.tsx [Server Component] @ :0
[   81185ms] [ERROR] ./app/globals.css:12603:32
Parsing CSS source code failed
  12601 | }
  12602 | [data-clerk-auth] .cl-footer,
> 12603 | [data-clerk-auth] .cl-footer.\\!bg-white {
        |                                ^
  12604 |   background: #ffffff !important;
  12605 | }
  12606 | [data-clerk-auth] .cl-formFieldInput:focus {

Unexpected token Delim('!')

Generated code of PostCSS transform of file content of app/globals.css:
./app/globals.css:12603:32
  12601 | }
  12602 | [data-clerk-auth] .cl-footer,
> 12603 | [data-clerk-auth] .cl-footer.\\!bg-white {
        |                                ^
  12604 |   background: #ffffff !important;
  12605 | }
  12606 | [data-clerk-auth] .cl-formFieldInput:focus {

Import trace:
  Client Component Browser:
    ./app/globals.css [Client Component Browser]
    ./app/layout.tsx [Server Component] @ :0
[   81264ms] [ERROR] ./app/globals.css:12603:32
Parsing CSS source code failed
  12601 | }
  12602 | [data-clerk-auth] .cl-footer,
> 12603 | [data-clerk-auth] .cl-footer.\\!bg-white {
        |                                ^
  12604 |   background: #ffffff !important;
  12605 | }
  12606 | [data-clerk-auth] .cl-formFieldInput:focus {

Unexpected token Delim('!')

Generated code of PostCSS transform of file content of app/globals.css:
./app/globals.css:12603:32
  12601 | }
  12602 | [data-clerk-auth] .cl-footer,
> 12603 | [data-clerk-auth] .cl-footer.\\!bg-white {
        |                                ^
  12604 |   background: #ffffff !important;
  12605 | }
  12606 | [data-clerk-auth] .cl-formFieldInput:focus {

Import trace:
  Client Component Browser:
    ./app/globals.css [Client Component Browser]
    ./app/layout.tsx [Server Component] @ :0
[   81326ms] [ERROR] ./app/globals.css:12603:32
Parsing CSS source code failed
  12601 | }
  12602 | [data-clerk-auth] .cl-footer,
> 12603 | [data-clerk-auth] .cl-footer.\\!bg-white {
        |                                ^
  12604 |   background: #ffffff !important;
  12605 | }
  12606 | [data-clerk-auth] .cl-formFieldInput:focus {

Unexpected token Delim('!')

Generated code of PostCSS transform of file content of app/globals.css:
./app/globals.css:12603:32
  12601 | }
  12602 | [data-clerk-auth] .cl-footer,
> 12603 | [data-clerk-auth] .cl-footer.\\!bg-white {
        |                                ^
  12604 |   background: #ffffff !important;
  12605 | }
  12606 | [data-clerk-auth] .cl-formFieldInput:focus {

Import trace:
  Client Component Browser:
    ./app/globals.css [Client Component Browser]
    ./app/layout.tsx [Server Component] @ :0
[   81405ms] [ERROR] ./app/globals.css:12603:32
Parsing CSS source code failed
  12601 | }
  12602 | [data-clerk-auth] .cl-footer,
> 12603 | [data-clerk-auth] .cl-footer.\\!bg-white {
        |                                ^
  12604 |   background: #ffffff !important;
  12605 | }
  12606 | [data-clerk-auth] .cl-formFieldInput:focus {

Unexpected token Delim('!')

Generated code of PostCSS transform of file content of app/globals.css:
./app/globals.css:12603:32
  12601 | }
  12602 | [data-clerk-auth] .cl-footer,
> 12603 | [data-clerk-auth] .cl-footer.\\!bg-white {
        |                                ^
  12604 |   background: #ffffff !important;
  12605 | }
  12606 | [data-clerk-auth] .cl-formFieldInput:focus {

Import trace:
  Client Component Browser:
    ./app/globals.css [Client Component Browser]
    ./app/layout.tsx [Server Component] @ :0
[   81484ms] [ERROR] ./app/globals.css:12603:32
Parsing CSS source code failed
  12601 | }
  12602 | [data-clerk-auth] .cl-footer,
> 12603 | [data-clerk-auth] .cl-footer.\\!bg-white {
        |                                ^
  12604 |   background: #ffffff !important;
  12605 | }
  12606 | [data-clerk-auth] .cl-formFieldInput:focus {

Unexpected token Delim('!')

Generated code of PostCSS transform of file content of app/globals.css:
./app/globals.css:12603:32
  12601 | }
  12602 | [data-clerk-auth] .cl-footer,
> 12603 | [data-clerk-auth] .cl-footer.\\!bg-white {
        |                                ^
  12604 |   background: #ffffff !important;
  12605 | }
  12606 | [data-clerk-auth] .cl-formFieldInput:focus {

Import trace:
  Client Component Browser:
    ./app/globals.css [Client Component Browser]
    ./app/layout.tsx [Server Component] @ :0
[   81560ms] [ERROR] ./app/globals.css:12603:32
Parsing CSS source code failed
  12601 | }
  12602 | [data-clerk-auth] .cl-footer,
> 12603 | [data-clerk-auth] .cl-footer.\\!bg-white {
        |                                ^
  12604 |   background: #ffffff !important;
  12605 | }
  12606 | [data-clerk-auth] .cl-formFieldInput:focus {

Unexpected token Delim('!')

Generated code of PostCSS transform of file content of app/globals.css:
./app/globals.css:12603:32
  12601 | }
  12602 | [data-clerk-auth] .cl-footer,
> 12603 | [data-clerk-auth] .cl-footer.\\!bg-white {
        |                                ^
  12604 |   background: #ffffff !important;
  12605 | }
  12606 | [data-clerk-auth] .cl-formFieldInput:focus {

Import trace:
  Client Component Browser:
    ./app/globals.css [Client Component Browser]
    ./app/layout.tsx [Server Component] @ :0
[   81638ms] [ERROR] ./app/globals.css:12603:32
Parsing CSS source code failed
  12601 | }
  12602 | [data-clerk-auth] .cl-footer,
> 12603 | [data-clerk-auth] .cl-footer.\\!bg-white {
        |                                ^
  12604 |   background: #ffffff !important;
  12605 | }
  12606 | [data-clerk-auth] .cl-formFieldInput:focus {

Unexpected token Delim('!')

Generated code of PostCSS transform of file content of app/globals.css:
./app/globals.css:12603:32
  12601 | }
  12602 | [data-clerk-auth] .cl-footer,
> 12603 | [data-clerk-auth] .cl-footer.\\!bg-white {
        |                                ^
  12604 |   background: #ffffff !important;
  12605 | }
  12606 | [data-clerk-auth] .cl-formFieldInput:focus {

Import trace:
  Client Component Browser:
    ./app/globals.css [Client Component Browser]
    ./app/layout.tsx [Server Component] @ :0
[   81715ms] [ERROR] ./app/globals.css:12603:32
Parsing CSS source code failed
  12601 | }
  12602 | [data-clerk-auth] .cl-footer,
> 12603 | [data-clerk-auth] .cl-footer.\\!bg-white {
        |                                ^
  12604 |   background: #ffffff !important;
  12605 | }
  12606 | [data-clerk-auth] .cl-formFieldInput:focus {

Unexpected token Delim('!')

Generated code of PostCSS transform of file content of app/globals.css:
./app/globals.css:12603:32
  12601 | }
  12602 | [data-clerk-auth] .cl-footer,
> 12603 | [data-clerk-auth] .cl-footer.\\!bg-white {
        |                                ^
  12604 |   background: #ffffff !important;
  12605 | }
  12606 | [data-clerk-auth] .cl-formFieldInput:focus {

Import trace:
  Client Component Browser:
    ./app/globals.css [Client Component Browser]
    ./app/layout.tsx [Server Component] @ :0
[   81795ms] [ERROR] ./app/globals.css:12603:32
Parsing CSS source code failed
  12601 | }
  12602 | [data-clerk-auth] .cl-footer,
> 12603 | [data-clerk-auth] .cl-footer.\\!bg-white {
        |                                ^
  12604 |   background: #ffffff !important;
  12605 | }
  12606 | [data-clerk-auth] .cl-formFieldInput:focus {

Unexpected token Delim('!')

Generated code of PostCSS transform of file content of app/globals.css:
./app/globals.css:12603:32
  12601 | }
  12602 | [data-clerk-auth] .cl-footer,
> 12603 | [data-clerk-auth] .cl-footer.\\!bg-white {
        |                                ^
  12604 |   background: #ffffff !important;
  12605 | }
  12606 | [data-clerk-auth] .cl-formFieldInput:focus {

Import trace:
  Client Component Browser:
    ./app/globals.css [Client Component Browser]
    ./app/layout.tsx [Server Component] @ :0
[   81872ms] [ERROR] ./app/globals.css:12603:32
Parsing CSS source code failed
  12601 | }
  12602 | [data-clerk-auth] .cl-footer,
> 12603 | [data-clerk-auth] .cl-footer.\\!bg-white {
        |                                ^
  12604 |   background: #ffffff !important;
  12605 | }
  12606 | [data-clerk-auth] .cl-formFieldInput:focus {

Unexpected token Delim('!')

Generated code of PostCSS transform of file content of app/globals.css:
./app/globals.css:12603:32
  12601 | }
  12602 | [data-clerk-auth] .cl-footer,
> 12603 | [data-clerk-auth] .cl-footer.\\!bg-white {
        |                                ^
  12604 |   background: #ffffff !important;
  12605 | }
  12606 | [data-clerk-auth] .cl-formFieldInput:focus {

Import trace:
  Client Component Browser:
    ./app/globals.css [Client Component Browser]
    ./app/layout.tsx [Server Component] @ :0
[   81951ms] [ERROR] ./app/globals.css:12603:32
Parsing CSS source code failed
  12601 | }
  12602 | [data-clerk-auth] .cl-footer,
> 12603 | [data-clerk-auth] .cl-footer.\\!bg-white {
        |                                ^
  12604 |   background: #ffffff !important;
  12605 | }
  12606 | [data-clerk-auth] .cl-formFieldInput:focus {

Unexpected token Delim('!')

Generated code of PostCSS transform of file content of app/globals.css:
./app/globals.css:12603:32
  12601 | }
  12602 | [data-clerk-auth] .cl-footer,
> 12603 | [data-clerk-auth] .cl-footer.\\!bg-white {
        |                                ^
  12604 |   background: #ffffff !important;
  12605 | }
  12606 | [data-clerk-auth] .cl-formFieldInput:focus {

Import trace:
  Client Component Browser:
    ./app/globals.css [Client Component Browser]
    ./app/layout.tsx [Server Component] @ :0
[   82029ms] [ERROR] ./app/globals.css:12603:32
Parsing CSS source code failed
  12601 | }
  12602 | [data-clerk-auth] .cl-footer,
> 12603 | [data-clerk-auth] .cl-footer.\\!bg-white {
        |                                ^
  12604 |   background: #ffffff !important;
  12605 | }
  12606 | [data-clerk-auth] .cl-formFieldInput:focus {

Unexpected token Delim('!')

Generated code of PostCSS transform of file content of app/globals.css:
./app/globals.css:12603:32
  12601 | }
  12602 | [data-clerk-auth] .cl-footer,
> 12603 | [data-clerk-auth] .cl-footer.\\!bg-white {
        |                                ^
  12604 |   background: #ffffff !important;
  12605 | }
  12606 | [data-clerk-auth] .cl-formFieldInput:focus {

Import trace:
  Client Component Browser:
    ./app/globals.css [Client Component Browser]
    ./app/layout.tsx [Server Component] @ :0
[   82107ms] [ERROR] ./app/globals.css:12603:32
Parsing CSS source code failed
  12601 | }
  12602 | [data-clerk-auth] .cl-footer,
> 12603 | [data-clerk-auth] .cl-footer.\\!bg-white {
        |                                ^
  12604 |   background: #ffffff !important;
  12605 | }
  12606 | [data-clerk-auth] .cl-formFieldInput:focus {

Unexpected token Delim('!')

Generated code of PostCSS transform of file content of app/globals.css:
./app/globals.css:12603:32
  12601 | }
  12602 | [data-clerk-auth] .cl-footer,
> 12603 | [data-clerk-auth] .cl-footer.\\!bg-white {
        |                                ^
  12604 |   background: #ffffff !important;
  12605 | }
  12606 | [data-clerk-auth] .cl-formFieldInput:focus {

Import trace:
  Client Component Browser:
    ./app/globals.css [Client Component Browser]
    ./app/layout.tsx [Server Component] @ :0
[   82184ms] [ERROR] ./app/globals.css:12603:32
Parsing CSS source code failed
  12601 | }
  12602 | [data-clerk-auth] .cl-footer,
> 12603 | [data-clerk-auth] .cl-footer.\\!bg-white {
        |                                ^
  12604 |   background: #ffffff !important;
  12605 | }
  12606 | [data-clerk-auth] .cl-formFieldInput:focus {

Unexpected token Delim('!')

Generated code of PostCSS transform of file content of app/globals.css:
./app/globals.css:12603:32
  12601 | }
  12602 | [data-clerk-auth] .cl-footer,
> 12603 | [data-clerk-auth] .cl-footer.\\!bg-white {
        |                                ^
  12604 |   background: #ffffff !important;
  12605 | }
  12606 | [data-clerk-auth] .cl-formFieldInput:focus {

Import trace:
  Client Component Browser:
    ./app/globals.css [Client Component Browser]
    ./app/layout.tsx [Server Component] @ :0
[   82263ms] [ERROR] ./app/globals.css:12603:32
Parsing CSS source code failed
  12601 | }
  12602 | [data-clerk-auth] .cl-footer,
> 12603 | [data-clerk-auth] .cl-footer.\\!bg-white {
        |                                ^
  12604 |   background: #ffffff !important;
  12605 | }
  12606 | [data-clerk-auth] .cl-formFieldInput:focus {

Unexpected token Delim('!')

Generated code of PostCSS transform of file content of app/globals.css:
./app/globals.css:12603:32
  12601 | }
  12602 | [data-clerk-auth] .cl-footer,
> 12603 | [data-clerk-auth] .cl-footer.\\!bg-white {
        |                                ^
  12604 |   background: #ffffff !important;
  12605 | }
  12606 | [data-clerk-auth] .cl-formFieldInput:focus {

Import trace:
  Client Component Browser:
    ./app/globals.css [Client Component Browser]
    ./app/layout.tsx [Server Component] @ :0
[   82341ms] [ERROR] ./app/globals.css:12603:32
Parsing CSS source code failed
  12601 | }
  12602 | [data-clerk-auth] .cl-footer,
> 12603 | [data-clerk-auth] .cl-footer.\\!bg-white {
        |                                ^
  12604 |   background: #ffffff !important;
  12605 | }
  12606 | [data-clerk-auth] .cl-formFieldInput:focus {

Unexpected token Delim('!')

Generated code of PostCSS transform of file content of app/globals.css:
./app/globals.css:12603:32
  12601 | }
  12602 | [data-clerk-auth] .cl-footer,
> 12603 | [data-clerk-auth] .cl-footer.\\!bg-white {
        |                                ^
  12604 |   background: #ffffff !important;
  12605 | }
  12606 | [data-clerk-auth] .cl-formFieldInput:focus {

Import trace:
  Client Component Browser:
    ./app/globals.css [Client Component Browser]
    ./app/layout.tsx [Server Component] @ :0
[   82437ms] [ERROR] ./app/globals.css:12603:32
Parsing CSS source code failed
  12601 | }
  12602 | [data-clerk-auth] .cl-footer,
> 12603 | [data-clerk-auth] .cl-footer.\\!bg-white {
        |                                ^
  12604 |   background: #ffffff !important;
  12605 | }
  12606 | [data-clerk-auth] .cl-formFieldInput:focus {

Unexpected token Delim('!')

Generated code of PostCSS transform of file content of app/globals.css:
./app/globals.css:12603:32
  12601 | }
  12602 | [data-clerk-auth] .cl-footer,
> 12603 | [data-clerk-auth] .cl-footer.\\!bg-white {
        |                                ^
  12604 |   background: #ffffff !important;
  12605 | }
  12606 | [data-clerk-auth] .cl-formFieldInput:focus {

Import trace:
  Client Component Browser:
    ./app/globals.css [Client Component Browser]
    ./app/layout.tsx [Server Component] @ :0
[   82529ms] [ERROR] ./app/globals.css:12603:32
Parsing CSS source code failed
  12601 | }
  12602 | [data-clerk-auth] .cl-footer,
> 12603 | [data-clerk-auth] .cl-footer.\\!bg-white {
        |                                ^
  12604 |   background: #ffffff !important;
  12605 | }
  12606 | [data-clerk-auth] .cl-formFieldInput:focus {

Unexpected token Delim('!')

Generated code of PostCSS transform of file content of app/globals.css:
./app/globals.css:12603:32
  12601 | }
  12602 | [data-clerk-auth] .cl-footer,
> 12603 | [data-clerk-auth] .cl-footer.\\!bg-white {
        |                                ^
  12604 |   background: #ffffff !important;
  12605 | }
  12606 | [data-clerk-auth] .cl-formFieldInput:focus {

Import trace:
  Client Component Browser:
    ./app/globals.css [Client Component Browser]
    ./app/layout.tsx [Server Component] @ :0
[   82607ms] [ERROR] ./app/globals.css:12603:32
Parsing CSS source code failed
  12601 | }
  12602 | [data-clerk-auth] .cl-footer,
> 12603 | [data-clerk-auth] .cl-footer.\\!bg-white {
        |                                ^
  12604 |   background: #ffffff !important;
  12605 | }
  12606 | [data-clerk-auth] .cl-formFieldInput:focus {

Unexpected token Delim('!')

Generated code of PostCSS transform of file content of app/globals.css:
./app/globals.css:12603:32
  12601 | }
  12602 | [data-clerk-auth] .cl-footer,
> 12603 | [data-clerk-auth] .cl-footer.\\!bg-white {
        |                                ^
  12604 |   background: #ffffff !important;
  12605 | }
  12606 | [data-clerk-auth] .cl-formFieldInput:focus {

Import trace:
  Client Component Browser:
    ./app/globals.css [Client Component Browser]
    ./app/layout.tsx [Server Component] @ :0
[   82670ms] [ERROR] ./app/globals.css:12603:32
Parsing CSS source code failed
  12601 | }
  12602 | [data-clerk-auth] .cl-footer,
> 12603 | [data-clerk-auth] .cl-footer.\\!bg-white {
        |                                ^
  12604 |   background: #ffffff !important;
  12605 | }
  12606 | [data-clerk-auth] .cl-formFieldInput:focus {

Unexpected token Delim('!')

Generated code of PostCSS transform of file content of app/globals.css:
./app/globals.css:12603:32
  12601 | }
  12602 | [data-clerk-auth] .cl-footer,
> 12603 | [data-clerk-auth] .cl-footer.\\!bg-white {
        |                                ^
  12604 |   background: #ffffff !important;
  12605 | }
  12606 | [data-clerk-auth] .cl-formFieldInput:focus {

Import trace:
  Client Component Browser:
    ./app/globals.css [Client Component Browser]
    ./app/layout.tsx [Server Component] @ :0
[   82733ms] [ERROR] ./app/globals.css:12603:32
Parsing CSS source code failed
  12601 | }
  12602 | [data-clerk-auth] .cl-footer,
> 12603 | [data-clerk-auth] .cl-footer.\\!bg-white {
        |                                ^
  12604 |   background: #ffffff !important;
  12605 | }
  12606 | [data-clerk-auth] .cl-formFieldInput:focus {

Unexpected token Delim('!')

Generated code of PostCSS transform of file content of app/globals.css:
./app/globals.css:12603:32
  12601 | }
  12602 | [data-clerk-auth] .cl-footer,
> 12603 | [data-clerk-auth] .cl-footer.\\!bg-white {
        |                                ^
  12604 |   background: #ffffff !important;
  12605 | }
  12606 | [data-clerk-auth] .cl-formFieldInput:focus {

Import trace:
  Client Component Browser:
    ./app/globals.css [Client Component Browser]
    ./app/layout.tsx [Server Component] @ :0
[   82797ms] [ERROR] ./app/globals.css:12603:32
Parsing CSS source code failed
  12601 | }
  12602 | [data-clerk-auth] .cl-footer,
> 12603 | [data-clerk-auth] .cl-footer.\\!bg-white {
        |                                ^
  12604 |   background: #ffffff !important;
  12605 | }
  12606 | [data-clerk-auth] .cl-formFieldInput:focus {

Unexpected token Delim('!')

Generated code of PostCSS transform of file content of app/globals.css:
./app/globals.css:12603:32
  12601 | }
  12602 | [data-clerk-auth] .cl-footer,
> 12603 | [data-clerk-auth] .cl-footer.\\!bg-white {
        |                                ^
  12604 |   background: #ffffff !important;
  12605 | }
  12606 | [data-clerk-auth] .cl-formFieldInput:focus {

Import trace:
  Client Component Browser:
    ./app/globals.css [Client Component Browser]
    ./app/layout.tsx [Server Component] @ :0
[   82916ms] [LOG] [Fast Refresh] rebuilding @ http://localhost:3000/_next/static/chunks/node_modules_next_dist_1ybzpk2._.js:2487
[   82922ms] [ERROR] ./app/globals.css:12603:32
Parsing CSS source code failed
  12601 | }
  12602 | [data-clerk-auth] .cl-footer,
> 12603 | [data-clerk-auth] .cl-footer.\\!bg-white {
        |                                ^
  12604 |   background: #ffffff !important;
  12605 | }
  12606 | [data-clerk-auth] .cl-formFieldInput:focus {

Unexpected token Delim('!')

Generated code of PostCSS transform of file content of app/globals.css:
./app/globals.css:12603:32
  12601 | }
  12602 | [data-clerk-auth] .cl-footer,
> 12603 | [data-clerk-auth] .cl-footer.\\!bg-white {
        |                                ^
  12604 |   background: #ffffff !important;
  12605 | }
  12606 | [data-clerk-auth] .cl-formFieldInput:focus {

Import trace:
  Client Component Browser:
    ./app/globals.css [Client Component Browser]
    ./app/layout.tsx [Server Component] @ :0
[   82999ms] [ERROR] ./app/globals.css:12603:32
Parsing CSS source code failed
  12601 | }
  12602 | [data-clerk-auth] .cl-footer,
> 12603 | [data-clerk-auth] .cl-footer.\\!bg-white {
        |                                ^
  12604 |   background: #ffffff !important;
  12605 | }
  12606 | [data-clerk-auth] .cl-formFieldInput:focus {

Unexpected token Delim('!')

Generated code of PostCSS transform of file content of app/globals.css:
./app/globals.css:12603:32
  12601 | }
  12602 | [data-clerk-auth] .cl-footer,
> 12603 | [data-clerk-auth] .cl-footer.\\!bg-white {
        |                                ^
  12604 |   background: #ffffff !important;
  12605 | }
  12606 | [data-clerk-auth] .cl-formFieldInput:focus {

Import trace:
  Client Component Browser:
    ./app/globals.css [Client Component Browser]
    ./app/layout.tsx [Server Component] @ :0
[   83078ms] [ERROR] ./app/globals.css:12603:32
Parsing CSS source code failed
  12601 | }
  12602 | [data-clerk-auth] .cl-footer,
> 12603 | [data-clerk-auth] .cl-footer.\\!bg-white {
        |                                ^
  12604 |   background: #ffffff !important;
  12605 | }
  12606 | [data-clerk-auth] .cl-formFieldInput:focus {

Unexpected token Delim('!')

Generated code of PostCSS transform of file content of app/globals.css:
./app/globals.css:12603:32
  12601 | }
  12602 | [data-clerk-auth] .cl-footer,
> 12603 | [data-clerk-auth] .cl-footer.\\!bg-white {
        |                                ^
  12604 |   background: #ffffff !important;
  12605 | }
  12606 | [data-clerk-auth] .cl-formFieldInput:focus {

Import trace:
  Client Component Browser:
    ./app/globals.css [Client Component Browser]
    ./app/layout.tsx [Server Component] @ :0
[   83158ms] [ERROR] ./app/globals.css:12603:32
Parsing CSS source code failed
  12601 | }
  12602 | [data-clerk-auth] .cl-footer,
> 12603 | [data-clerk-auth] .cl-footer.\\!bg-white {
        |                                ^
  12604 |   background: #ffffff !important;
  12605 | }
  12606 | [data-clerk-auth] .cl-formFieldInput:focus {

Unexpected token Delim('!')

Generated code of PostCSS transform of file content of app/globals.css:
./app/globals.css:12603:32
  12601 | }
  12602 | [data-clerk-auth] .cl-footer,
> 12603 | [data-clerk-auth] .cl-footer.\\!bg-white {
        |                                ^
  12604 |   background: #ffffff !important;
  12605 | }
  12606 | [data-clerk-auth] .cl-formFieldInput:focus {

Import trace:
  Client Component Browser:
    ./app/globals.css [Client Component Browser]
    ./app/layout.tsx [Server Component] @ :0
[   83235ms] [ERROR] ./app/globals.css:12603:32
Parsing CSS source code failed
  12601 | }
  12602 | [data-clerk-auth] .cl-footer,
> 12603 | [data-clerk-auth] .cl-footer.\\!bg-white {
        |                                ^
  12604 |   background: #ffffff !important;
  12605 | }
  12606 | [data-clerk-auth] .cl-formFieldInput:focus {

Unexpected token Delim('!')

Generated code of PostCSS transform of file content of app/globals.css:
./app/globals.css:12603:32
  12601 | }
  12602 | [data-clerk-auth] .cl-footer,
> 12603 | [data-clerk-auth] .cl-footer.\\!bg-white {
        |                                ^
  12604 |   background: #ffffff !important;
  12605 | }
  12606 | [data-clerk-auth] .cl-formFieldInput:focus {

Import trace:
  Client Component Browser:
    ./app/globals.css [Client Component Browser]
    ./app/layout.tsx [Server Component] @ :0
[   83314ms] [ERROR] ./app/globals.css:12603:32
Parsing CSS source code failed
  12601 | }
  12602 | [data-clerk-auth] .cl-footer,
> 12603 | [data-clerk-auth] .cl-footer.\\!bg-white {
        |                                ^
  12604 |   background: #ffffff !important;
  12605 | }
  12606 | [data-clerk-auth] .cl-formFieldInput:focus {

Unexpected token Delim('!')

Generated code of PostCSS transform of file content of app/globals.css:
./app/globals.css:12603:32
  12601 | }
  12602 | [data-clerk-auth] .cl-footer,
> 12603 | [data-clerk-auth] .cl-footer.\\!bg-white {
        |                                ^
  12604 |   background: #ffffff !important;
  12605 | }
  12606 | [data-clerk-auth] .cl-formFieldInput:focus {

Import trace:
  Client Component Browser:
    ./app/globals.css [Client Component Browser]
    ./app/layout.tsx [Server Component] @ :0
[   83393ms] [ERROR] ./app/globals.css:12603:32
Parsing CSS source code failed
  12601 | }
  12602 | [data-clerk-auth] .cl-footer,
> 12603 | [data-clerk-auth] .cl-footer.\\!bg-white {
        |                                ^
  12604 |   background: #ffffff !important;
  12605 | }
  12606 | [data-clerk-auth] .cl-formFieldInput:focus {

Unexpected token Delim('!')

Generated code of PostCSS transform of file content of app/globals.css:
./app/globals.css:12603:32
  12601 | }
  12602 | [data-clerk-auth] .cl-footer,
> 12603 | [data-clerk-auth] .cl-footer.\\!bg-white {
        |                                ^
  12604 |   background: #ffffff !important;
  12605 | }
  12606 | [data-clerk-auth] .cl-formFieldInput:focus {

Import trace:
  Client Component Browser:
    ./app/globals.css [Client Component Browser]
    ./app/layout.tsx [Server Component] @ :0
[   83470ms] [ERROR] ./app/globals.css:12603:32
Parsing CSS source code failed
  12601 | }
  12602 | [data-clerk-auth] .cl-footer,
> 12603 | [data-clerk-auth] .cl-footer.\\!bg-white {
        |                                ^
  12604 |   background: #ffffff !important;
  12605 | }
  12606 | [data-clerk-auth] .cl-formFieldInput:focus {

Unexpected token Delim('!')

Generated code of PostCSS transform of file content of app/globals.css:
./app/globals.css:12603:32
  12601 | }
  12602 | [data-clerk-auth] .cl-footer,
> 12603 | [data-clerk-auth] .cl-footer.\\!bg-white {
        |                                ^
  12604 |   background: #ffffff !important;
  12605 | }
  12606 | [data-clerk-auth] .cl-formFieldInput:focus {

Import trace:
  Client Component Browser:
    ./app/globals.css [Client Component Browser]
    ./app/layout.tsx [Server Component] @ :0
[   83550ms] [ERROR] ./app/globals.css:12603:32
Parsing CSS source code failed
  12601 | }
  12602 | [data-clerk-auth] .cl-footer,
> 12603 | [data-clerk-auth] .cl-footer.\\!bg-white {
        |                                ^
  12604 |   background: #ffffff !important;
  12605 | }
  12606 | [data-clerk-auth] .cl-formFieldInput:focus {

Unexpected token Delim('!')

Generated code of PostCSS transform of file content of app/globals.css:
./app/globals.css:12603:32
  12601 | }
  12602 | [data-clerk-auth] .cl-footer,
> 12603 | [data-clerk-auth] .cl-footer.\\!bg-white {
        |                                ^
  12604 |   background: #ffffff !important;
  12605 | }
  12606 | [data-clerk-auth] .cl-formFieldInput:focus {

Import trace:
  Client Component Browser:
    ./app/globals.css [Client Component Browser]
    ./app/layout.tsx [Server Component] @ :0
[   83629ms] [ERROR] ./app/globals.css:12603:32
Parsing CSS source code failed
  12601 | }
  12602 | [data-clerk-auth] .cl-footer,
> 12603 | [data-clerk-auth] .cl-footer.\\!bg-white {
        |                                ^
  12604 |   background: #ffffff !important;
  12605 | }
  12606 | [data-clerk-auth] .cl-formFieldInput:focus {

Unexpected token Delim('!')

Generated code of PostCSS transform of file content of app/globals.css:
./app/globals.css:12603:32
  12601 | }
  12602 | [data-clerk-auth] .cl-footer,
> 12603 | [data-clerk-auth] .cl-footer.\\!bg-white {
        |                                ^
  12604 |   background: #ffffff !important;
  12605 | }
  12606 | [data-clerk-auth] .cl-formFieldInput:focus {

Import trace:
  Client Component Browser:
    ./app/globals.css [Client Component Browser]
    ./app/layout.tsx [Server Component] @ :0
[   83707ms] [ERROR] ./app/globals.css:12603:32
Parsing CSS source code failed
  12601 | }
  12602 | [data-clerk-auth] .cl-footer,
> 12603 | [data-clerk-auth] .cl-footer.\\!bg-white {
        |                                ^
  12604 |   background: #ffffff !important;
  12605 | }
  12606 | [data-clerk-auth] .cl-formFieldInput:focus {

Unexpected token Delim('!')

Generated code of PostCSS transform of file content of app/globals.css:
./app/globals.css:12603:32
  12601 | }
  12602 | [data-clerk-auth] .cl-footer,
> 12603 | [data-clerk-auth] .cl-footer.\\!bg-white {
        |                                ^
  12604 |   background: #ffffff !important;
  12605 | }
  12606 | [data-clerk-auth] .cl-formFieldInput:focus {

Import trace:
  Client Component Browser:
    ./app/globals.css [Client Component Browser]
    ./app/layout.tsx [Server Component] @ :0
[   83787ms] [ERROR] ./app/globals.css:12603:32
Parsing CSS source code failed
  12601 | }
  12602 | [data-clerk-auth] .cl-footer,
> 12603 | [data-clerk-auth] .cl-footer.\\!bg-white {
        |                                ^
  12604 |   background: #ffffff !important;
  12605 | }
  12606 | [data-clerk-auth] .cl-formFieldInput:focus {

Unexpected token Delim('!')

Generated code of PostCSS transform of file content of app/globals.css:
./app/globals.css:12603:32
  12601 | }
  12602 | [data-clerk-auth] .cl-footer,
> 12603 | [data-clerk-auth] .cl-footer.\\!bg-white {
        |                                ^
  12604 |   background: #ffffff !important;
  12605 | }
  12606 | [data-clerk-auth] .cl-formFieldInput:focus {

Import trace:
  Client Component Browser:
    ./app/globals.css [Client Component Browser]
    ./app/layout.tsx [Server Component] @ :0
[   83863ms] [ERROR] ./app/globals.css:12603:32
Parsing CSS source code failed
  12601 | }
  12602 | [data-clerk-auth] .cl-footer,
> 12603 | [data-clerk-auth] .cl-footer.\\!bg-white {
        |                                ^
  12604 |   background: #ffffff !important;
  12605 | }
  12606 | [data-clerk-auth] .cl-formFieldInput:focus {

Unexpected token Delim('!')

Generated code of PostCSS transform of file content of app/globals.css:
./app/globals.css:12603:32
  12601 | }
  12602 | [data-clerk-auth] .cl-footer,
> 12603 | [data-clerk-auth] .cl-footer.\\!bg-white {
        |                                ^
  12604 |   background: #ffffff !important;
  12605 | }
  12606 | [data-clerk-auth] .cl-formFieldInput:focus {

Import trace:
  Client Component Browser:
    ./app/globals.css [Client Component Browser]
    ./app/layout.tsx [Server Component] @ :0
[   83941ms] [ERROR] ./app/globals.css:12603:32
Parsing CSS source code failed
  12601 | }
  12602 | [data-clerk-auth] .cl-footer,
> 12603 | [data-clerk-auth] .cl-footer.\\!bg-white {
        |                                ^
  12604 |   background: #ffffff !important;
  12605 | }
  12606 | [data-clerk-auth] .cl-formFieldInput:focus {

Unexpected token Delim('!')

Generated code of PostCSS transform of file content of app/globals.css:
./app/globals.css:12603:32
  12601 | }
  12602 | [data-clerk-auth] .cl-footer,
> 12603 | [data-clerk-auth] .cl-footer.\\!bg-white {
        |                                ^
  12604 |   background: #ffffff !important;
  12605 | }
  12606 | [data-clerk-auth] .cl-formFieldInput:focus {

Import trace:
  Client Component Browser:
    ./app/globals.css [Client Component Browser]
    ./app/layout.tsx [Server Component] @ :0
[   84020ms] [ERROR] ./app/globals.css:12603:32
Parsing CSS source code failed
  12601 | }
  12602 | [data-clerk-auth] .cl-footer,
> 12603 | [data-clerk-auth] .cl-footer.\\!bg-white {
        |                                ^
  12604 |   background: #ffffff !important;
  12605 | }
  12606 | [data-clerk-auth] .cl-formFieldInput:focus {

Unexpected token Delim('!')

Generated code of PostCSS transform of file content of app/globals.css:
./app/globals.css:12603:32
  12601 | }
  12602 | [data-clerk-auth] .cl-footer,
> 12603 | [data-clerk-auth] .cl-footer.\\!bg-white {
        |                                ^
  12604 |   background: #ffffff !important;
  12605 | }
  12606 | [data-clerk-auth] .cl-formFieldInput:focus {

Import trace:
  Client Component Browser:
    ./app/globals.css [Client Component Browser]
    ./app/layout.tsx [Server Component] @ :0
[   84097ms] [ERROR] ./app/globals.css:12603:32
Parsing CSS source code failed
  12601 | }
  12602 | [data-clerk-auth] .cl-footer,
> 12603 | [data-clerk-auth] .cl-footer.\\!bg-white {
        |                                ^
  12604 |   background: #ffffff !important;
  12605 | }
  12606 | [data-clerk-auth] .cl-formFieldInput:focus {

Unexpected token Delim('!')

Generated code of PostCSS transform of file content of app/globals.css:
./app/globals.css:12603:32
  12601 | }
  12602 | [data-clerk-auth] .cl-footer,
> 12603 | [data-clerk-auth] .cl-footer.\\!bg-white {
        |                                ^
  12604 |   background: #ffffff !important;
  12605 | }
  12606 | [data-clerk-auth] .cl-formFieldInput:focus {

Import trace:
  Client Component Browser:
    ./app/globals.css [Client Component Browser]
    ./app/layout.tsx [Server Component] @ :0
[   84176ms] [ERROR] ./app/globals.css:12603:32
Parsing CSS source code failed
  12601 | }
  12602 | [data-clerk-auth] .cl-footer,
> 12603 | [data-clerk-auth] .cl-footer.\\!bg-white {
        |                                ^
  12604 |   background: #ffffff !important;
  12605 | }
  12606 | [data-clerk-auth] .cl-formFieldInput:focus {

Unexpected token Delim('!')

Generated code of PostCSS transform of file content of app/globals.css:
./app/globals.css:12603:32
  12601 | }
  12602 | [data-clerk-auth] .cl-footer,
> 12603 | [data-clerk-auth] .cl-footer.\\!bg-white {
        |                                ^
  12604 |   background: #ffffff !important;
  12605 | }
  12606 | [data-clerk-auth] .cl-formFieldInput:focus {

Import trace:
  Client Component Browser:
    ./app/globals.css [Client Component Browser]
    ./app/layout.tsx [Server Component] @ :0
[   84254ms] [ERROR] ./app/globals.css:12603:32
Parsing CSS source code failed
  12601 | }
  12602 | [data-clerk-auth] .cl-footer,
> 12603 | [data-clerk-auth] .cl-footer.\\!bg-white {
        |                                ^
  12604 |   background: #ffffff !important;
  12605 | }
  12606 | [data-clerk-auth] .cl-formFieldInput:focus {

Unexpected token Delim('!')

Generated code of PostCSS transform of file content of app/globals.css:
./app/globals.css:12603:32
  12601 | }
  12602 | [data-clerk-auth] .cl-footer,
> 12603 | [data-clerk-auth] .cl-footer.\\!bg-white {
        |                                ^
  12604 |   background: #ffffff !important;
  12605 | }
  12606 | [data-clerk-auth] .cl-formFieldInput:focus {

Import trace:
  Client Component Browser:
    ./app/globals.css [Client Component Browser]
    ./app/layout.tsx [Server Component] @ :0
[   84333ms] [ERROR] ./app/globals.css:12603:32
Parsing CSS source code failed
  12601 | }
  12602 | [data-clerk-auth] .cl-footer,
> 12603 | [data-clerk-auth] .cl-footer.\\!bg-white {
        |                                ^
  12604 |   background: #ffffff !important;
  12605 | }
  12606 | [data-clerk-auth] .cl-formFieldInput:focus {

Unexpected token Delim('!')

Generated code of PostCSS transform of file content of app/globals.css:
./app/globals.css:12603:32
  12601 | }
  12602 | [data-clerk-auth] .cl-footer,
> 12603 | [data-clerk-auth] .cl-footer.\\!bg-white {
        |                                ^
  12604 |   background: #ffffff !important;
  12605 | }
  12606 | [data-clerk-auth] .cl-formFieldInput:focus {

Import trace:
  Client Component Browser:
    ./app/globals.css [Client Component Browser]
    ./app/layout.tsx [Server Component] @ :0
[   84410ms] [ERROR] ./app/globals.css:12603:32
Parsing CSS source code failed
  12601 | }
  12602 | [data-clerk-auth] .cl-footer,
> 12603 | [data-clerk-auth] .cl-footer.\\!bg-white {
        |                                ^
  12604 |   background: #ffffff !important;
  12605 | }
  12606 | [data-clerk-auth] .cl-formFieldInput:focus {

Unexpected token Delim('!')

Generated code of PostCSS transform of file content of app/globals.css:
./app/globals.css:12603:32
  12601 | }
  12602 | [data-clerk-auth] .cl-footer,
> 12603 | [data-clerk-auth] .cl-footer.\\!bg-white {
        |                                ^
  12604 |   background: #ffffff !important;
  12605 | }
  12606 | [data-clerk-auth] .cl-formFieldInput:focus {

Import trace:
  Client Component Browser:
    ./app/globals.css [Client Component Browser]
    ./app/layout.tsx [Server Component] @ :0
[   84487ms] [ERROR] ./app/globals.css:12603:32
Parsing CSS source code failed
  12601 | }
  12602 | [data-clerk-auth] .cl-footer,
> 12603 | [data-clerk-auth] .cl-footer.\\!bg-white {
        |                                ^
  12604 |   background: #ffffff !important;
  12605 | }
  12606 | [data-clerk-auth] .cl-formFieldInput:focus {

Unexpected token Delim('!')

Generated code of PostCSS transform of file content of app/globals.css:
./app/globals.css:12603:32
  12601 | }
  12602 | [data-clerk-auth] .cl-footer,
> 12603 | [data-clerk-auth] .cl-footer.\\!bg-white {
        |                                ^
  12604 |   background: #ffffff !important;
  12605 | }
  12606 | [data-clerk-auth] .cl-formFieldInput:focus {

Import trace:
  Client Component Browser:
    ./app/globals.css [Client Component Browser]
    ./app/layout.tsx [Server Component] @ :0
[   84564ms] [ERROR] ./app/globals.css:12603:32
Parsing CSS source code failed
  12601 | }
  12602 | [data-clerk-auth] .cl-footer,
> 12603 | [data-clerk-auth] .cl-footer.\\!bg-white {
        |                                ^
  12604 |   background: #ffffff !important;
  12605 | }
  12606 | [data-clerk-auth] .cl-formFieldInput:focus {

Unexpected token Delim('!')

Generated code of PostCSS transform of file content of app/globals.css:
./app/globals.css:12603:32
  12601 | }
  12602 | [data-clerk-auth] .cl-footer,
> 12603 | [data-clerk-auth] .cl-footer.\\!bg-white {
        |                                ^
  12604 |   background: #ffffff !important;
  12605 | }
  12606 | [data-clerk-auth] .cl-formFieldInput:focus {

Import trace:
  Client Component Browser:
    ./app/globals.css [Client Component Browser]
    ./app/layout.tsx [Server Component] @ :0
[   84642ms] [ERROR] ./app/globals.css:12603:32
Parsing CSS source code failed
  12601 | }
  12602 | [data-clerk-auth] .cl-footer,
> 12603 | [data-clerk-auth] .cl-footer.\\!bg-white {
        |                                ^
  12604 |   background: #ffffff !important;
  12605 | }
  12606 | [data-clerk-auth] .cl-formFieldInput:focus {

Unexpected token Delim('!')

Generated code of PostCSS transform of file content of app/globals.css:
./app/globals.css:12603:32
  12601 | }
  12602 | [data-clerk-auth] .cl-footer,
> 12603 | [data-clerk-auth] .cl-footer.\\!bg-white {
        |                                ^
  12604 |   background: #ffffff !important;
  12605 | }
  12606 | [data-clerk-auth] .cl-formFieldInput:focus {

Import trace:
  Client Component Browser:
    ./app/globals.css [Client Component Browser]
    ./app/layout.tsx [Server Component] @ :0
[   84721ms] [ERROR] ./app/globals.css:12603:32
Parsing CSS source code failed
  12601 | }
  12602 | [data-clerk-auth] .cl-footer,
> 12603 | [data-clerk-auth] .cl-footer.\\!bg-white {
        |                                ^
  12604 |   background: #ffffff !important;
  12605 | }
  12606 | [data-clerk-auth] .cl-formFieldInput:focus {

Unexpected token Delim('!')

Generated code of PostCSS transform of file content of app/globals.css:
./app/globals.css:12603:32
  12601 | }
  12602 | [data-clerk-auth] .cl-footer,
> 12603 | [data-clerk-auth] .cl-footer.\\!bg-white {
        |                                ^
  12604 |   background: #ffffff !important;
  12605 | }
  12606 | [data-clerk-auth] .cl-formFieldInput:focus {

Import trace:
  Client Component Browser:
    ./app/globals.css [Client Component Browser]
    ./app/layout.tsx [Server Component] @ :0
[   84784ms] [ERROR] ./app/globals.css:12603:32
Parsing CSS source code failed
  12601 | }
  12602 | [data-clerk-auth] .cl-footer,
> 12603 | [data-clerk-auth] .cl-footer.\\!bg-white {
        |                                ^
  12604 |   background: #ffffff !important;
  12605 | }
  12606 | [data-clerk-auth] .cl-formFieldInput:focus {

Unexpected token Delim('!')

Generated code of PostCSS transform of file content of app/globals.css:
./app/globals.css:12603:32
  12601 | }
  12602 | [data-clerk-auth] .cl-footer,
> 12603 | [data-clerk-auth] .cl-footer.\\!bg-white {
        |                                ^
  12604 |   background: #ffffff !important;
  12605 | }
  12606 | [data-clerk-auth] .cl-formFieldInput:focus {

Import trace:
  Client Component Browser:
    ./app/globals.css [Client Component Browser]
    ./app/layout.tsx [Server Component] @ :0
[   84846ms] [ERROR] ./app/globals.css:12603:32
Parsing CSS source code failed
  12601 | }
  12602 | [data-clerk-auth] .cl-footer,
> 12603 | [data-clerk-auth] .cl-footer.\\!bg-white {
        |                                ^
  12604 |   background: #ffffff !important;
  12605 | }
  12606 | [data-clerk-auth] .cl-formFieldInput:focus {

Unexpected token Delim('!')

Generated code of PostCSS transform of file content of app/globals.css:
./app/globals.css:12603:32
  12601 | }
  12602 | [data-clerk-auth] .cl-footer,
> 12603 | [data-clerk-auth] .cl-footer.\\!bg-white {
        |                                ^
  12604 |   background: #ffffff !important;
  12605 | }
  12606 | [data-clerk-auth] .cl-formFieldInput:focus {

Import trace:
  Client Component Browser:
    ./app/globals.css [Client Component Browser]
    ./app/layout.tsx [Server Component] @ :0
[   84909ms] [ERROR] ./app/globals.css:12603:32
Parsing CSS source code failed
  12601 | }
  12602 | [data-clerk-auth] .cl-footer,
> 12603 | [data-clerk-auth] .cl-footer.\\!bg-white {
        |                                ^
  12604 |   background: #ffffff !important;
  12605 | }
  12606 | [data-clerk-auth] .cl-formFieldInput:focus {

Unexpected token Delim('!')

Generated code of PostCSS transform of file content of app/globals.css:
./app/globals.css:12603:32
  12601 | }
  12602 | [data-clerk-auth] .cl-footer,
> 12603 | [data-clerk-auth] .cl-footer.\\!bg-white {
        |                                ^
  12604 |   background: #ffffff !important;
  12605 | }
  12606 | [data-clerk-auth] .cl-formFieldInput:focus {

Import trace:
  Client Component Browser:
    ./app/globals.css [Client Component Browser]
    ./app/layout.tsx [Server Component] @ :0
[   85002ms] [ERROR] ./app/globals.css:12603:32
Parsing CSS source code failed
  12601 | }
  12602 | [data-clerk-auth] .cl-footer,
> 12603 | [data-clerk-auth] .cl-footer.\\!bg-white {
        |                                ^
  12604 |   background: #ffffff !important;
  12605 | }
  12606 | [data-clerk-auth] .cl-formFieldInput:focus {

Unexpected token Delim('!')

Generated code of PostCSS transform of file content of app/globals.css:
./app/globals.css:12603:32
  12601 | }
  12602 | [data-clerk-auth] .cl-footer,
> 12603 | [data-clerk-auth] .cl-footer.\\!bg-white {
        |                                ^
  12604 |   background: #ffffff !important;
  12605 | }
  12606 | [data-clerk-auth] .cl-formFieldInput:focus {

Import trace:
  Client Component Browser:
    ./app/globals.css [Client Component Browser]
    ./app/layout.tsx [Server Component] @ :0
[   85080ms] [ERROR] ./app/globals.css:12603:32
Parsing CSS source code failed
  12601 | }
  12602 | [data-clerk-auth] .cl-footer,
> 12603 | [data-clerk-auth] .cl-footer.\\!bg-white {
        |                                ^
  12604 |   background: #ffffff !important;
  12605 | }
  12606 | [data-clerk-auth] .cl-formFieldInput:focus {

Unexpected token Delim('!')

Generated code of PostCSS transform of file content of app/globals.css:
./app/globals.css:12603:32
  12601 | }
  12602 | [data-clerk-auth] .cl-footer,
> 12603 | [data-clerk-auth] .cl-footer.\\!bg-white {
        |                                ^
  12604 |   background: #ffffff !important;
  12605 | }
  12606 | [data-clerk-auth] .cl-formFieldInput:focus {

Import trace:
  Client Component Browser:
    ./app/globals.css [Client Component Browser]
    ./app/layout.tsx [Server Component] @ :0
[   85158ms] [ERROR] ./app/globals.css:12603:32
Parsing CSS source code failed
  12601 | }
  12602 | [data-clerk-auth] .cl-footer,
> 12603 | [data-clerk-auth] .cl-footer.\\!bg-white {
        |                                ^
  12604 |   background: #ffffff !important;
  12605 | }
  12606 | [data-clerk-auth] .cl-formFieldInput:focus {

Unexpected token Delim('!')

Generated code of PostCSS transform of file content of app/globals.css:
./app/globals.css:12603:32
  12601 | }
  12602 | [data-clerk-auth] .cl-footer,
> 12603 | [data-clerk-auth] .cl-footer.\\!bg-white {
        |                                ^
  12604 |   background: #ffffff !important;
  12605 | }
  12606 | [data-clerk-auth] .cl-formFieldInput:focus {

Import trace:
  Client Component Browser:
    ./app/globals.css [Client Component Browser]
    ./app/layout.tsx [Server Component] @ :0
[   85235ms] [ERROR] ./app/globals.css:12603:32
Parsing CSS source code failed
  12601 | }
  12602 | [data-clerk-auth] .cl-footer,
> 12603 | [data-clerk-auth] .cl-footer.\\!bg-white {
        |                                ^
  12604 |   background: #ffffff !important;
  12605 | }
  12606 | [data-clerk-auth] .cl-formFieldInput:focus {

Unexpected token Delim('!')

Generated code of PostCSS transform of file content of app/globals.css:
./app/globals.css:12603:32
  12601 | }
  12602 | [data-clerk-auth] .cl-footer,
> 12603 | [data-clerk-auth] .cl-footer.\\!bg-white {
        |                                ^
  12604 |   background: #ffffff !important;
  12605 | }
  12606 | [data-clerk-auth] .cl-formFieldInput:focus {

Import trace:
  Client Component Browser:
    ./app/globals.css [Client Component Browser]
    ./app/layout.tsx [Server Component] @ :0
[   85312ms] [ERROR] ./app/globals.css:12603:32
Parsing CSS source code failed
  12601 | }
  12602 | [data-clerk-auth] .cl-footer,
> 12603 | [data-clerk-auth] .cl-footer.\\!bg-white {
        |                                ^
  12604 |   background: #ffffff !important;
  12605 | }
  12606 | [data-clerk-auth] .cl-formFieldInput:focus {

Unexpected token Delim('!')

Generated code of PostCSS transform of file content of app/globals.css:
./app/globals.css:12603:32
  12601 | }
  12602 | [data-clerk-auth] .cl-footer,
> 12603 | [data-clerk-auth] .cl-footer.\\!bg-white {
        |                                ^
  12604 |   background: #ffffff !important;
  12605 | }
  12606 | [data-clerk-auth] .cl-formFieldInput:focus {

Import trace:
  Client Component Browser:
    ./app/globals.css [Client Component Browser]
    ./app/layout.tsx [Server Component] @ :0
[   85389ms] [ERROR] ./app/globals.css:12603:32
Parsing CSS source code failed
  12601 | }
  12602 | [data-clerk-auth] .cl-footer,
> 12603 | [data-clerk-auth] .cl-footer.\\!bg-white {
        |                                ^
  12604 |   background: #ffffff !important;
  12605 | }
  12606 | [data-clerk-auth] .cl-formFieldInput:focus {

Unexpected token Delim('!')

Generated code of PostCSS transform of file content of app/globals.css:
./app/globals.css:12603:32
  12601 | }
  12602 | [data-clerk-auth] .cl-footer,
> 12603 | [data-clerk-auth] .cl-footer.\\!bg-white {
        |                                ^
  12604 |   background: #ffffff !important;
  12605 | }
  12606 | [data-clerk-auth] .cl-formFieldInput:focus {

Import trace:
  Client Component Browser:
    ./app/globals.css [Client Component Browser]
    ./app/layout.tsx [Server Component] @ :0
[   85467ms] [ERROR] ./app/globals.css:12603:32
Parsing CSS source code failed
  12601 | }
  12602 | [data-clerk-auth] .cl-footer,
> 12603 | [data-clerk-auth] .cl-footer.\\!bg-white {
        |                                ^
  12604 |   background: #ffffff !important;
  12605 | }
  12606 | [data-clerk-auth] .cl-formFieldInput:focus {

Unexpected token Delim('!')

Generated code of PostCSS transform of file content of app/globals.css:
./app/globals.css:12603:32
  12601 | }
  12602 | [data-clerk-auth] .cl-footer,
> 12603 | [data-clerk-auth] .cl-footer.\\!bg-white {
        |                                ^
  12604 |   background: #ffffff !important;
  12605 | }
  12606 | [data-clerk-auth] .cl-formFieldInput:focus {

Import trace:
  Client Component Browser:
    ./app/globals.css [Client Component Browser]
    ./app/layout.tsx [Server Component] @ :0
[   85544ms] [ERROR] ./app/globals.css:12603:32
Parsing CSS source code failed
  12601 | }
  12602 | [data-clerk-auth] .cl-footer,
> 12603 | [data-clerk-auth] .cl-footer.\\!bg-white {
        |                                ^
  12604 |   background: #ffffff !important;
  12605 | }
  12606 | [data-clerk-auth] .cl-formFieldInput:focus {

Unexpected token Delim('!')

Generated code of PostCSS transform of file content of app/globals.css:
./app/globals.css:12603:32
  12601 | }
  12602 | [data-clerk-auth] .cl-footer,
> 12603 | [data-clerk-auth] .cl-footer.\\!bg-white {
        |                                ^
  12604 |   background: #ffffff !important;
  12605 | }
  12606 | [data-clerk-auth] .cl-formFieldInput:focus {

Import trace:
  Client Component Browser:
    ./app/globals.css [Client Component Browser]
    ./app/layout.tsx [Server Component] @ :0
[   85621ms] [ERROR] ./app/globals.css:12603:32
Parsing CSS source code failed
  12601 | }
  12602 | [data-clerk-auth] .cl-footer,
> 12603 | [data-clerk-auth] .cl-footer.\\!bg-white {
        |                                ^
  12604 |   background: #ffffff !important;
  12605 | }
  12606 | [data-clerk-auth] .cl-formFieldInput:focus {

Unexpected token Delim('!')

Generated code of PostCSS transform of file content of app/globals.css:
./app/globals.css:12603:32
  12601 | }
  12602 | [data-clerk-auth] .cl-footer,
> 12603 | [data-clerk-auth] .cl-footer.\\!bg-white {
        |                                ^
  12604 |   background: #ffffff !important;
  12605 | }
  12606 | [data-clerk-auth] .cl-formFieldInput:focus {

Import trace:
  Client Component Browser:
    ./app/globals.css [Client Component Browser]
    ./app/layout.tsx [Server Component] @ :0
[   85700ms] [ERROR] ./app/globals.css:12603:32
Parsing CSS source code failed
  12601 | }
  12602 | [data-clerk-auth] .cl-footer,
> 12603 | [data-clerk-auth] .cl-footer.\\!bg-white {
        |                                ^
  12604 |   background: #ffffff !important;
  12605 | }
  12606 | [data-clerk-auth] .cl-formFieldInput:focus {

Unexpected token Delim('!')

Generated code of PostCSS transform of file content of app/globals.css:
./app/globals.css:12603:32
  12601 | }
  12602 | [data-clerk-auth] .cl-footer,
> 12603 | [data-clerk-auth] .cl-footer.\\!bg-white {
        |                                ^
  12604 |   background: #ffffff !important;
  12605 | }
  12606 | [data-clerk-auth] .cl-formFieldInput:focus {

Import trace:
  Client Component Browser:
    ./app/globals.css [Client Component Browser]
    ./app/layout.tsx [Server Component] @ :0
[   85778ms] [ERROR] ./app/globals.css:12603:32
Parsing CSS source code failed
  12601 | }
  12602 | [data-clerk-auth] .cl-footer,
> 12603 | [data-clerk-auth] .cl-footer.\\!bg-white {
        |                                ^
  12604 |   background: #ffffff !important;
  12605 | }
  12606 | [data-clerk-auth] .cl-formFieldInput:focus {

Unexpected token Delim('!')

Generated code of PostCSS transform of file content of app/globals.css:
./app/globals.css:12603:32
  12601 | }
  12602 | [data-clerk-auth] .cl-footer,
> 12603 | [data-clerk-auth] .cl-footer.\\!bg-white {
        |                                ^
  12604 |   background: #ffffff !important;
  12605 | }
  12606 | [data-clerk-auth] .cl-formFieldInput:focus {

Import trace:
  Client Component Browser:
    ./app/globals.css [Client Component Browser]
    ./app/layout.tsx [Server Component] @ :0
[   85857ms] [ERROR] ./app/globals.css:12603:32
Parsing CSS source code failed
  12601 | }
  12602 | [data-clerk-auth] .cl-footer,
> 12603 | [data-clerk-auth] .cl-footer.\\!bg-white {
        |                                ^
  12604 |   background: #ffffff !important;
  12605 | }
  12606 | [data-clerk-auth] .cl-formFieldInput:focus {

Unexpected token Delim('!')

Generated code of PostCSS transform of file content of app/globals.css:
./app/globals.css:12603:32
  12601 | }
  12602 | [data-clerk-auth] .cl-footer,
> 12603 | [data-clerk-auth] .cl-footer.\\!bg-white {
        |                                ^
  12604 |   background: #ffffff !important;
  12605 | }
  12606 | [data-clerk-auth] .cl-formFieldInput:focus {

Import trace:
  Client Component Browser:
    ./app/globals.css [Client Component Browser]
    ./app/layout.tsx [Server Component] @ :0
[   85937ms] [ERROR] ./app/globals.css:12603:32
Parsing CSS source code failed
  12601 | }
  12602 | [data-clerk-auth] .cl-footer,
> 12603 | [data-clerk-auth] .cl-footer.\\!bg-white {
        |                                ^
  12604 |   background: #ffffff !important;
  12605 | }
  12606 | [data-clerk-auth] .cl-formFieldInput:focus {

Unexpected token Delim('!')

Generated code of PostCSS transform of file content of app/globals.css:
./app/globals.css:12603:32
  12601 | }
  12602 | [data-clerk-auth] .cl-footer,
> 12603 | [data-clerk-auth] .cl-footer.\\!bg-white {
        |                                ^
  12604 |   background: #ffffff !important;
  12605 | }
  12606 | [data-clerk-auth] .cl-formFieldInput:focus {

Import trace:
  Client Component Browser:
    ./app/globals.css [Client Component Browser]
    ./app/layout.tsx [Server Component] @ :0
[   86013ms] [ERROR] ./app/globals.css:12603:32
Parsing CSS source code failed
  12601 | }
  12602 | [data-clerk-auth] .cl-footer,
> 12603 | [data-clerk-auth] .cl-footer.\\!bg-white {
        |                                ^
  12604 |   background: #ffffff !important;
  12605 | }
  12606 | [data-clerk-auth] .cl-formFieldInput:focus {

Unexpected token Delim('!')

Generated code of PostCSS transform of file content of app/globals.css:
./app/globals.css:12603:32
  12601 | }
  12602 | [data-clerk-auth] .cl-footer,
> 12603 | [data-clerk-auth] .cl-footer.\\!bg-white {
        |                                ^
  12604 |   background: #ffffff !important;
  12605 | }
  12606 | [data-clerk-auth] .cl-formFieldInput:focus {

Import trace:
  Client Component Browser:
    ./app/globals.css [Client Component Browser]
    ./app/layout.tsx [Server Component] @ :0
[   86091ms] [ERROR] ./app/globals.css:12603:32
Parsing CSS source code failed
  12601 | }
  12602 | [data-clerk-auth] .cl-footer,
> 12603 | [data-clerk-auth] .cl-footer.\\!bg-white {
        |                                ^
  12604 |   background: #ffffff !important;
  12605 | }
  12606 | [data-clerk-auth] .cl-formFieldInput:focus {

Unexpected token Delim('!')

Generated code of PostCSS transform of file content of app/globals.css:
./app/globals.css:12603:32
  12601 | }
  12602 | [data-clerk-auth] .cl-footer,
> 12603 | [data-clerk-auth] .cl-footer.\\!bg-white {
        |                                ^
  12604 |   background: #ffffff !important;
  12605 | }
  12606 | [data-clerk-auth] .cl-formFieldInput:focus {

Import trace:
  Client Component Browser:
    ./app/globals.css [Client Component Browser]
    ./app/layout.tsx [Server Component] @ :0
[   86170ms] [ERROR] ./app/globals.css:12603:32
Parsing CSS source code failed
  12601 | }
  12602 | [data-clerk-auth] .cl-footer,
> 12603 | [data-clerk-auth] .cl-footer.\\!bg-white {
        |                                ^
  12604 |   background: #ffffff !important;
  12605 | }
  12606 | [data-clerk-auth] .cl-formFieldInput:focus {

Unexpected token Delim('!')

Generated code of PostCSS transform of file content of app/globals.css:
./app/globals.css:12603:32
  12601 | }
  12602 | [data-clerk-auth] .cl-footer,
> 12603 | [data-clerk-auth] .cl-footer.\\!bg-white {
        |                                ^
  12604 |   background: #ffffff !important;
  12605 | }
  12606 | [data-clerk-auth] .cl-formFieldInput:focus {

Import trace:
  Client Component Browser:
    ./app/globals.css [Client Component Browser]
    ./app/layout.tsx [Server Component] @ :0
